Found ConfigField TileEntityRemover_Enabled
Found ConfigField TileEntityTargetList
Ore: sandstone
Ore: glass
Ore: oreCoal
Ore: cloth
Ore: blockGold
Ore: blockIron
Ore: blockDiamond
Ore: blockGlowstone
Ore: blockEmerald
Ore: blockRedstone
Ore: coal
Ore: charcoal
Ore: ingotIron
Ore: ingotGold
Ore: dustRedstone
Ore: slimeball
Ore: dustGlowstone
Ore: nuggetGold
Ore: gearWood
Ore: gearStone
Ore: gearIron
Ore: gearGold
Ore: gearDiamond
Fluid: uumatter
Fluid: constructionfoam
Fluid: ic2coolant
Ore: oreUranium
Ore: treeLeaves
Ore: treeSapling
Ore: woodRubber
Ore: dustStone
Ore: dustBronze
Ore: dustClay
Ore: dustCoal
Ore: dustCopper
Ore: dustGold
Ore: dustIron
Ore: dustSilver
Ore: dustTin
Ore: dustLead
Ore: dustObsidian
Ore: dustLapis
Ore: dustSulfur
Ore: dustLithium
Ore: dustDiamond
Ore: dustSiliconDioxide
Ore: dustHydratedCoal
Ore: dustTinyCopper
Ore: dustTinyGold
Ore: dustTinyIron
Ore: dustTinySilver
Ore: dustTinyTin
Ore: dustTinyLead
Ore: dustTinySulfur
Ore: dustTinyLithium
Ore: itemRubber
Ore: ingotBronze
Ore: ingotCopper
Ore: ingotRefinedIron
Ore: ingotLead
Ore: ingotTin
Ore: ingotSilver
Ore: plateIron
Ore: plateGold
Ore: plateCopper
Ore: plateTin
Ore: plateLead
Ore: plateLapis
Ore: plateObsidian
Ore: plateBronze
Ore: plateDenseIron
Ore: plateDenseGold
Ore: plateDenseCopper
Ore: plateDenseTin
Ore: plateDenseLead
Ore: plateDenseLapis
Ore: plateDenseObsidian
Ore: plateDenseBronze
Ore: crushedIron
Ore: crushedGold
Ore: crushedSilver
Ore: crushedLead
Ore: crushedCopper
Ore: crushedTin
Ore: crushedUranium
Ore: crushedPurifiedIron
Ore: crushedPurifiedGold
Ore: crushedPurifiedSilver
Ore: crushedPurifiedLead
Ore: crushedPurifiedCopper
Ore: crushedPurifiedTin
Ore: crushedPurifiedUranium
Ore: blockBronze
Ore: blockCopper
Ore: blockTin
Ore: blockUranium
Ore: blockLead
Ore: circuitBasic
Ore: circuitAdvanced
Ore: gemDiamond
Ore: gemDiamond
Ore: craftingToolForgeHammer
Ore: craftingToolWireCutter
Fluid: oil
Fluid: fuel
Ore: crafterWood
Ore: craftingTableWood
Ore: plankWood
Ore: logWood
Ore: stickWood
Ore: crafterWood
Ore: craftingTableWood
Ore: plankWood
Ore: logWood
Ore: stickWood
Ore: crafterWood
Ore: craftingTableWood
Ore: plankWood
Ore: logWood
Ore: stickWood
Ore: crafterWood
Ore: craftingTableWood
Ore: plankWood
Ore: logWood
Ore: stickWood
Ore: crafterWood
Ore: craftingTableWood
Ore: plankWood
Ore: logWood
Ore: stickWood
Ore: crafterWood
Ore: craftingTableWood
Ore: plankWood
Ore: logWood
Ore: stickWood
Ore: crafterWood
Ore: craftingTableWood
Ore: plankWood
Ore: logWood
Ore: stickWood
Ore: crafterWood
Ore: craftingTableWood
Ore: plankWood
Ore: logWood
Ore: stickWood
Ore: crafterWood
Ore: craftingTableWood
Ore: plankWood
Ore: logWood
Ore: stickWood
Ore: crafterWood
Ore: craftingTableWood
Ore: plankWood
Ore: logWood
Ore: stickWood
Ore: crafterWood
Ore: craftingTableWood
Ore: plankWood
Ore: logWood
Ore: stickWood
Ore: crafterWood
Ore: craftingTableWood
Ore: plankWood
Ore: logWood
Ore: stickWood
Ore: dyeBlue
Ore: glassSoul
Ore: chestWood
Ore: blockGlass
Ore: blockGlass
Ore: blockGlass
Ore: cropRaspberry
Ore: cropBlueberry
Ore: cropBlackberry
Ore: cropMaloberry
Ore: cropBlightberry
Ore: cropDuskberry
Ore: cropSkyberry
Ore: cropStingberry
Ore: taintedSoil
Ore: slabWood
Ore: slabWood
Ore: saplingTree
Ore: saplingTree
Ore: leavesTree
Ore: leavesTree
Ore: leavesTree
Ore: leavesTree
Fluid: bop.liquidpoison
Fluid: bop.springwater
Fluid: bop.honey
Ore: plankWood
Ore: stickWood
Ore: stickWood
Ore: blockMeatRaw
Ore: dyeBlue
Ore: dyeBrown
Ore: dyeGreen
Ore: dyeWhite
Ore: dyeBlack
Ore: gemRuby
Ore: gemPeridot
Ore: gemTopaz
Ore: gemTanzanite
Ore: gemMalachite
Ore: gemSapphire
Ore: oreRuby
Ore: oreTopaz
Ore: orePeridot
Ore: oreTanzanite
Ore: oreMalachite
Ore: oreSapphire
Ore: treeSapling
Ore: treeSapling
Ore: logWood
Ore: logWood
Ore: logWood
Ore: logWood
Ore: logWood
Ore: logWood
Ore: logWood
Ore: logWood
Ore: logWood
Ore: logWood
Ore: logWood
Ore: logWood
Ore: logWood
Ore: logWood
Ore: logWood
Ore: slabWood
Ore: slabWood
Ore: stairWood
Ore: stairWood
Ore: stairWood
Ore: stairWood
Ore: stairWood
Ore: stairWood
Ore: stairWood
Ore: stairWood
Ore: stairWood
Ore: stairWood
Ore: stairWood
Ore: stairWood
Ore: stairWood
Ore: treeLeaves
Ore: treeLeaves
Ore: treeLeaves
Ore: treeLeaves
Ore: treeLeaves
Ore: treeLeaves
Ore: treeLeaves
Ore: treeLeaves
Fluid: milk
Fluid: sludge
Fluid: sewage
Fluid: mobessence
Fluid: biofuel
Fluid: meat
Fluid: pinkslime
Fluid: chocolatemilk
Fluid: mushroomsoup
Ore: gemApatite
Ore: ingotCopper
Ore: ingotTin
Ore: ingotBronze
Ore: brickPeat
Ore: dustAsh
Ore: gearBronze
Ore: gearCopper
Ore: gearTin
Ore: pulpWood
Ore: itemBeeswax
Ore: cropCherry
Ore: cropWalnut
Ore: cropChestnut
Ore: cropLemon
Ore: cropPlum
Ore: cropDate
Ore: cropPapaya
Ore: oreApatite
Ore: oreCopper
Ore: oreTin
Ore: dropHoney
Ore: itemPollen
Ore: dropHoneydew
Ore: dropRoyalJelly
Ore: beeComb
Ore: treeSapling
Ore: logWood
Ore: logWood
Ore: logWood
Ore: logWood
Ore: logWood
Ore: logWood
Ore: logWood
Ore: plankWood
Ore: plankWood
Ore: slabWood
Ore: slabWood
Ore: slabWood
Fluid: short.mead
Fluid: fluxgoo
Ore: oreCinnabar
Ore: oreInfusedAir
Ore: oreInfusedFire
Ore: oreInfusedWater
Ore: oreInfusedEarth
Ore: oreInfusedOrder
Ore: oreInfusedEntropy
Ore: shardAir
Ore: shardFire
Ore: shardWater
Ore: shardEarth
Ore: shardOrder
Ore: shardEntropy
Ore: oreAmber
Ore: quicksilver
Ore: gemAmber
Ore: nuggetIron
Ore: nuggetCopper
Ore: nuggetTin
Ore: nuggetSilver
Ore: nuggetLead
Ore: nuggetThaumium
Ore: nuggetQuicksilver
Ore: ingotThaumium
Ore: clusterIron
Ore: clusterCopper
Ore: clusterTin
Ore: clusterSilver
Ore: clusterLead
Ore: clusterCinnabar
Ore: clusterGold
Ore: logWood
Ore: logWood
Ore: plankWood
Ore: plankWood
Fluid: liquidessence
Ore: dustVinteum
Ore: gemBlueTopaz
Ore: gemChimerite
Ore: gemMoonstone
Ore: gemSunstone
Fluid: uraniumhexafluoride
Fluid: steam
Fluid: deuterium
Fluid: toxicwaste
Ore: oreUranium
Ore: ingotUranium
Ore: dustUranium
Ore: breederUranium
Ore: blockRadioactive
Ore: cellEmpty
Ore: cellUranium
Ore: cellDeuterium
Ore: cellWater
Ore: strangeMatter
Ore: antimatterMilligram
Ore: antimatterGram
Ore: oreYellorite
Ore: ingotYellorium
Ore: ingotCyanite
Ore: ingotGraphite
Ore: ingotBlutonium
Ore: dustYellorium
Ore: dustCyanite
Ore: dustGraphite
Ore: dustBlutonium
Ore: ingotUranium
Ore: ingotPlutonium
Ore: dustUranium
Ore: dustPlutonium
Ore: reactorCasing
Ore: reactorController
Ore: reactorPowerTap
Ore: reactorRedNetPort
Ore: reactorComputerPort
Ore: reactorRedstonePort
Ore: brSmallMachineCyaniteProcessor
Fluid: yellorium
Fluid: cyanite
Fluid: fuelcolumn
Ore: gemDiamond
Ore: gemEmerald
Ore: ingotIron
Ore: ingotGold
Ore: gemDiamond
Fluid: acid
Fluid: poison
Fluid: liquidnitrogen
Ore: logWood
Ore: logWood
Ore: logWood
Ore: logWood
Ore: logWood
Ore: logWood
Ore: logWood
Ore: logWood
Ore: logWood
Ore: logWood
Ore: logWood
Ore: logWood
Ore: logWood
Ore: logWood
Ore: logWood
Ore: logWood
Ore: logWood
Ore: logWood
Ore: logWood
Ore: logWood
Ore: logWood
Ore: logWood
Ore: logWood
Ore: logWood
Ore: logWood
Ore: logWood
Ore: logWood
Ore: logWood
Ore: logWood
Ore: logWood
Ore: logWood
Ore: logWood
Ore: logWood
Ore: logWood
Ore: logWood
Ore: logWood
Ore: logWood
Ore: logWood
Ore: logWood
Ore: logWood
Ore: plankWood
Ore: plankWood
Ore: plankWood
Ore: plankWood
Ore: plankWood
Ore: plankWood
Ore: plankWood
Ore: plankWood
Ore: plankWood
Ore: plankWood
Ore: plankWood
Ore: plankWood
Ore: plankWood
Ore: plankWood
Ore: plankWood
Ore: plankWood
Ore: plankWood
Ore: plankWood
Ore: plankWood
Ore: plankWood
Ore: plankWood
Ore: plankWood
Ore: plankWood
Ore: plankWood
Ore: plankWood
Ore: plankWood
Ore: plankWood
Ore: plankWood
Ore: plankWood
Ore: plankWood
Ore: plankWood
Ore: plankWood
Ore: plankWood
Ore: plankWood
Ore: plankWood
Fluid: sap
Fluid: resin
Fluid: latex
Fluid: turpentine
Ore: pulpWood
Ore: cropApple
Ore: cropCrabapple
Ore: cropOrange
Ore: cropKumquat
Ore: cropLime
Ore: cropCherry
Ore: cropWildCherry
Ore: cropCherry
Ore: cropSourCherry
Ore: cropCherry
Ore: cropBlackCherry
Ore: cropBlackthorn
Ore: cropPlum
Ore: cropCherryPlum
Ore: cropAlmond
Ore: cropApricot
Ore: cropGrapefruit
Ore: cropPeach
Ore: cropSatsuma
Ore: cropOrange
Ore: cropBuddhaHand
Ore: cropCitron
Ore: cropCitron
Ore: cropLime
Ore: cropFingerLime
Ore: cropKeyLime
Ore: cropLime
Ore: cropOrange
Ore: cropManderin
Ore: cropPeach
Ore: cropNectarine
Ore: cropPomelo
Ore: cropTangerine
Ore: cropOrange
Ore: cropPear
Ore: cropSandPear
Ore: cropHazelnut
Ore: cropButternut
Ore: cropWalnut
Ore: cropBeechnut
Ore: cropPecan
Ore: cropBanana
Ore: cropRedBanana
Ore: cropBanana
Ore: cropPlantain
Ore: cropBrazilNut
Ore: cropFig
Ore: cropAcorn
Ore: cropElderberry
Ore: cropOlive
Ore: cropGingkoNut
Ore: cropCoffee
Ore: cropOsangeOrange
Ore: cropClove
Ore: cropApple
Ore: cropHops
Ore: seedWheat
Ore: seedWheat
Ore: seedBarley
Ore: seedCorn
Ore: seedRye
Ore: seedRoasted
Fluid: myst.ink.black
Fluid: creosote
Ore: nuggetIron
Ore: nuggetSteel
Ore: ingotSteel
Ore: fuelCoke
Ore: dustObsidian
Ore: dustSulfur
Ore: dustSaltpeter
Ore: dustCharcoal
Ore: blockSteel
Ore: oreSulfur
Ore: oreSaltpeter
Ore: oreDiamond
Ore: oreEmerald
Ore: oreLapis
Ore: oreFirestone
Ore: sludge
Ore: oreSilver
Ore: ingotSilver
Ore: ingotLead
Ore: blockSilver
Ore: blockLead
Ore: oreFzDarkIron
Ore: ingotFzDarkIron
Ore: blockFzDarkIron
Ore: sulfuricAcid
Ore: bottleSulfuricAcid
Ore: aquaRegia
Ore: dustCoal
Ore: dustIron
Ore: dustGold
Ore: dustCopper
Ore: dustTin
Ore: dustEnderPearl
Ore: itemSilicon
Ore: gearStone
Ore: glass
Ore: glassHardened
Ore: hambone
Ore: blockRubber
Fluid: iron.molten
Fluid: gold.molten
Fluid: copper.molten
Fluid: tin.molten
Fluid: aluminum.molten
Fluid: cobalt.molten
Fluid: ardite.molten
Fluid: bronze.molten
Fluid: aluminumbrass.molten
Fluid: manyullyn.molten
Fluid: alumite.molten
Fluid: obsidian.molten
Fluid: steel.molten
Fluid: glass.molten
Fluid: stone.seared
Fluid: emerald.liquid
Fluid: blood
Fluid: nickel.molten
Fluid: lead.molten
Fluid: silver.molten
Fluid: platinum.molten
Fluid: invar.molten
Fluid: electrum.molten
Fluid: ender
Fluid: slime.blue
Fluid: glue
Fluid: pigiron.molten
Ore: oreCobalt
Ore: oreArdite
Ore: oreCopper
Ore: oreTin
Ore: oreAluminum
Ore: oreAluminium
Ore: oreIron
Ore: oreGold
Ore: oreCobalt
Ore: oreCopper
Ore: oreTin
Ore: oreAluminum
Ore: oreAluminium
Ore: ingotCobalt
Ore: ingotArdite
Ore: ingotManyullyn
Ore: ingotCopper
Ore: ingotTin
Ore: ingotAluminum
Ore: ingotAluminium
Ore: ingotBronze
Ore: ingotAluminumBrass
Ore: ingotAluminiumBrass
Ore: ingotAlumite
Ore: ingotSteel
Ore: ingotObsidian
Ore: ingotPigIron
Ore: itemRawRubber
Ore: blockCobalt
Ore: blockArdite
Ore: blockManyullyn
Ore: blockCopper
Ore: blockBronze
Ore: blockTin
Ore: blockAluminum
Ore: blockAluminium
Ore: blockAluminumBrass
Ore: blockAluminiumBrass
Ore: blockAlumite
Ore: blockSteel
Ore: nuggetIron
Ore: nuggetIron
Ore: nuggetCopper
Ore: nuggetCopper
Ore: nuggetTin
Ore: nuggetTin
Ore: nuggetAluminum
Ore: nuggetAluminum
Ore: nuggetAluminium
Ore: nuggetAluminium
Ore: nuggetAluminumBrass
Ore: nuggetAluminiumBrass
Ore: nuggetObsidian
Ore: nuggetCobalt
Ore: nuggetArdite
Ore: nuggetManyullyn
Ore: nuggetBronze
Ore: nuggetAlumite
Ore: nuggetSteel
Ore: nuggetGold
Ore: nuggetPigIron
Ore: slabCloth
Ore: slabCloth
Ore: stoneMossy
Ore: stoneMossy
Ore: crafterWood
Ore: craftingTableWood
Ore: torchStone
Ore: woodRod
Ore: stoneRod
Ore: ironRod
Ore: flintRod
Ore: cactusRod
Ore: boneRod
Ore: obsidianRod
Ore: netherrackRod
Ore: slimeRod
Ore: paperRod
Ore: cobaltRod
Ore: arditeRod
Ore: manyullynRod
Ore: copperRod
Ore: bronzeRod
Ore: alumiteRod
Ore: steelRod
Ore: blueslimeRod
Ore: thaumiumRod
Ore: glassWhite
Ore: glassOrange
Ore: glassMagenta
Ore: glassLightBlue
Ore: glassYellow
Ore: glassLime
Ore: glassPink
Ore: glassGray
Ore: glassLightGray
Ore: glassCyan
Ore: glassPurple
Ore: glassBlue
Ore: glassBrown
Ore: glassGreen
Ore: glassRed
Ore: glassBlack
Ore: slimeball
Ore: slimeball
Ore: slimeball
Ore: slimeball
Ore: glass
Ore: glass
Fluid: molten.pokefennium
Fluid: molten.fairy
Fluid: mutagen
Fluid: endergoo
Ore: oreSulfur
Ore: dustSulfur
Ore: ingotIron
Ore: ingotGold
Ore: slimeball
Ore: gemDiamond
Ore: gemEmerald
Ore: chestWood
Ore: stickWood
Ore: obsidian
Ore: whiteStone
Ore: transdimBlock
Ore: mb.magnet.level0
Ore: mb.magnet.level0
Ore: mb.magnet.level1
Ore: mb.magnet.level1
Ore: mb.magnet.level2
Ore: mb.magnet.level2
Ore: mb.magnet.level3
Ore: mb.magnet.level3
Ore: mb.magnet.level4
Ore: mb.magnet.level4
Ore: mb.magnet.level5
Ore: mb.magnet.level5
Ore: mb.magnet.level6
Ore: mb.magnet.level6
Ore: mb.magnet.level7
Ore: mb.magnet.level7
Ore: mb.magnet.level8
Ore: mb.magnet.level8
Ore: beeComb
Ore: waxMagical
Ore: waxMagical
Ore: nuggetIron
Ore: nuggetCopper
Ore: nuggetTin
Ore: nuggetSilver
Ore: nuggetLead
Ore: shardDiamond
Ore: shardEmerald
Ore: shardApatite
Fluid: fastwater
Ore: blockLapis
Ore: blockCoal
Ore: blockLimestone
Ore: oreCopper
Ore: oreAluminum
Ore: oreRutile
Ore: blockAluminum
Ore: blockCopper
Ore: blockMagnesium
Ore: blockTitanium
Ore: foodSalt
Ore: ingotAluminum
Ore: ingotCopper
Ore: ingotMagnesium
Ore: ingotRutile
Ore: ingotTitanium
Fluid: food.fish
Fluid: oil.fish
Fluid: custard
Ore: plantKelp
Ore: dyeYellow
Ore: dyeRed
Ore: dyeBrown
Ore: dyeGreen
Ore: dyeWhite
Ore: coralLightBlue
Ore: coralYellow
Ore: coralMagenta
Ore: coralBrown
Ore: coralOrange
Ore: coralPink
Ore: coralPurple
Ore: coralRed
Ore: coralWhite
Ore: coralGray
Ore: coralLightGray
Ore: oreUranium
Ore: elementHydrogen
Ore: elementHelium
Ore: elementLithium
Ore: elementBeryllium
Ore: elementBoron
Ore: elementCarbon
Ore: elementNitrogen
Ore: elementOxygen
Ore: elementFlourine
Ore: elementNeon
Ore: elementSodium
Ore: elementMagnesium
Ore: elementAluminium
Ore: elementSilicon
Ore: elementPhosphorus
Ore: elementSulfur
Ore: elementChlorine
Ore: elementArgon
Ore: elementPotassium
Ore: elementCalcium
Ore: elementScandium
Ore: elementTitanium
Ore: elementVanadium
Ore: elementChromium
Ore: elementManganese
Ore: elementIron
Ore: elementCobalt
Ore: elementNickel
Ore: elementCopper
Ore: elementZinc
Ore: elementGallium
Ore: elementGermanium
Ore: elementArsenic
Ore: elementSelenium
Ore: elementBromine
Ore: elementKrypton
Ore: elementRubidium
Ore: elementStrontium
Ore: elementYttrium
Ore: elementZirconium
Ore: elementNiobium
Ore: elementMolybdenum
Ore: elementTechnetium
Ore: elementRuthenium
Ore: elementRhodium
Ore: elementPalladium
Ore: elementSilver
Ore: elementCadmium
Ore: elementIndium
Ore: elementTin
Ore: elementAntimony
Ore: elementTellurium
Ore: elementIodine
Ore: elementXenon
Ore: elementCaesium
Ore: elementBarium
Ore: elementLanthanum
Ore: elementCerium
Ore: elementPraseodymium
Ore: elementNeodymium
Ore: elementPromethium
Ore: elementSamarium
Ore: elementEuropium
Ore: elementGadolinium
Ore: elementTerbium
Ore: elementDyprosium
Ore: elementHolmium
Ore: elementErbium
Ore: elementThulium
Ore: elementYtterbium
Ore: elementLutetium
Ore: elementHafnium
Ore: elementTantalum
Ore: elementTungsten
Ore: elementRhenium
Ore: elementOsmium
Ore: elementIridium
Ore: elementPlatinum
Ore: elementGold
Ore: elementMercury
Ore: elementThallium
Ore: elementLead
Ore: elementBismuth
Ore: elementPolonium
Ore: elementAstantine
Ore: elementRadon
Ore: elementFrancium
Ore: elementRadium
Ore: elementActinium
Ore: elementThorium
Ore: elementProtactinium
Ore: elementUranium
Ore: elementNeptunium
Ore: elementPlutonium
Ore: elementAmericium
Ore: elementCurium
Ore: elementBerkelium
Ore: elementCalifornium
Ore: elementEinsteinium
Ore: elementFermium
Ore: elementMendelenium
Ore: elementNobelium
Ore: elementLawrencium
Ore: elementRutherfordium
Ore: elementDubnium
Ore: elementSeaborgium
Ore: elementBohrium
Ore: elementHassium
Ore: elementMeitnerium
Ore: elementDarmstadtium
Ore: elementRoenthenium
Ore: elementCopernicium
Ore: elementUnuntrium
Ore: itemSuperconductor
Fluid: fortron
Fluid: xpjuice
Found ConfigField creosote_fermentation
Ore: stoneRod
Ore: oreNetherCoal
Ore: oreNetherDiamond
Ore: oreNetherGold
Ore: oreNetherIron
Ore: oreNetherLapis
Ore: oreNetherRedstone
Ore: oreNetherCopper
Ore: oreNetherTin
Ore: oreNetherEmerald
Ore: oreNetherSilver
Ore: oreNetherLead
Ore: oreNetherUranium
Ore: oreNetherNikolite
Ore: oreNetherRuby
Ore: oreNetherPeridot
Ore: oreNetherSapphire
Ore: oreNetherPlatinum
Ore: oreNetherNickel
Ore: oreNetherSteel
Ore: oreNetherIridium
Ore: oreNetherOsmium
Ore: oreNetherSulfur
Ore: oreNetherTitanium
Ore: oreNetherMythril
Ore: oreNetherAdamantium
Ore: oreNetherRutile
Ore: oreNetherTungsten
Ore: oreNetherAmber
Ore: oreNetherTennantite
Ore: dustIron
Ore: dustGold
Ore: dustCoal
Ore: dustObsidian
Ore: dustCopper
Ore: dustTin
Ore: dustSilver
Ore: dustLead
Ore: dustNickel
Ore: dustPlatinum
Ore: dustElectrum
Ore: dustInvar
Ore: dustBronze
Ore: dustEnderium
Ore: ingotCopper
Ore: ingotTin
Ore: ingotSilver
Ore: ingotLead
Ore: ingotNickel
Ore: ingotPlatinum
Ore: ingotElectrum
Ore: ingotInvar
Ore: ingotBronze
Ore: ingotEnderium
Ore: nuggetCopper
Ore: nuggetTin
Ore: nuggetSilver
Ore: nuggetLead
Ore: nuggetNickel
Ore: nuggetPlatinum
Ore: nuggetElectrum
Ore: nuggetInvar
Ore: nuggetBronze
Ore: nuggetEnderium
Ore: dustSulfur
Ore: dustSaltpeter
Ore: crystalCinnabar
Ore: gearCopper
Ore: gearTin
Ore: gearElectrum
Ore: gearInvar
Ore: gearBronze
Ore: oreCopper
Ore: oreTin
Ore: oreSilver
Ore: oreLead
Ore: oreNickel
Ore: blockCopper
Ore: blockTin
Ore: blockSilver
Ore: blockLead
Ore: blockNickel
Ore: blockPlatinum
Ore: blockElectrum
Ore: blockInvar
Ore: blockBronze
Ore: blockEnderium
Ore: glassHardened
Fluid: redstone
Fluid: glowstone
Fluid: pyrotheum
Fluid: cryotheum
Fluid: coal
Fluid: immibis.liquidxp
Ore: cropVine
Ore: itemRubber
Ore: itemRawRubber
Ore: woodRubber
Ore: leavesRubber
Ore: sheetPlastic
Ore: dustPlastic
Ore: ingotMeat
Ore: ingotMeatRaw
Ore: nuggetMeat
Ore: nuggetMeatRaw
Ore: blockMeat
Ore: blockMeatRaw
Ore: itemCharcoalSugar
Ore: cableRedNet
Ore: slimeball
Ore: slimeball
Ore: dyeBrown
Ore: fertilizerOrganic
Ore: wireExplosive
Ore: listAllmilk
Fluid: glass
Fluid: biomass
Fluid: bioethanol
Fluid: seedoil
Fluid: honey
Fluid: juice
Fluid: ice
Ore: plateBrass
Ore: itemCasingBrass
Ore: ovenRack
Ore: clayBowl
Ore: clayPlate
Ore: clayCup
Ore: ceramicBowl
Ore: ceramicPlate
Ore: ceramicCup
Ore: foodStrawberry
Ore: foodCandiedApple
Ore: foodCupofWater
Ore: foodCupofMilk
Ore: foodHotCocoa
Ore: foodVinegar
Ore: foodBeer
Ore: foodRawHamburgerPatty
Ore: foodAppleJellyToast
Ore: foodCinnamonToast
Ore: foodStrawberryJellyToast
Ore: foodCaramelApplewithNuts
Ore: foodAppleJelly
Ore: foodMashedPotatos
Ore: foodCarrotCakeBatter
Ore: foodRawFrenchToast
Ore: foodBatter
Ore: foodMacaroniandCheese
Ore: foodStrawberryJelly
Ore: foodRawApplePie
Ore: foodRawStrawberryPie
Ore: foodStrawberryShortcake
Ore: foodHamburger
Ore: foodPB&JSandwichApple
Ore: foodPB&JSandwichStrawberry
Ore: foodCheeseSandwich
Ore: foodButteredToast
Ore: foodBaconCheeseFries
Ore: foodBaconCheeseburger
Ore: foodChocolate
Ore: foodCheese
Ore: foodButter
Ore: foodWhippedCream
Ore: foodDough
Ore: foodAppleGelatin
Ore: foodStrawberryGelatin
Ore: foodMarshmellows
Ore: foodPastaDough
Ore: foodCheeseFries
Ore: foodRawChickenNuggets
Ore: foodCheeseburger
Ore: foodDeluxeHotCocoa
Ore: foodSaltedBeef
Ore: foodBreadedChicken
Ore: foodSaltedPork
Ore: foodCaramelApple
Ore: foodChocolate-CoveredStrawberries
Ore: foodCinnamonandSugar
Ore: foodSliceofCheese
Ore: foodSliceofBread
Ore: foodFriedChicken
Ore: foodFrenchFries
Ore: foodChickenNuggets
Ore: foodShortcake
Ore: foodCarrotCake
Ore: foodGrilledCheese
Ore: foodLoafofBread
Ore: foodPasta
Ore: foodToastedPB&JSandwichApple
Ore: foodToastedPB&JSandwichStrawberry
Ore: foodRoastedPeanuts
Ore: foodApplePie
Ore: foodFrenchToast
Ore: foodHamburgerPatty
Ore: foodStrawberryPie
Ore: foodBeefJerkey
Ore: foodBacon
Ore: foodToast
Ore: foodCaramel
Ore: foodAppleMush
Ore: foodGelatin
Ore: foodBreadCrumbs
Ore: foodGroundBeef
Ore: foodGroundChicken
Ore: foodGroundPork
Ore: foodCrushedPeanuts
Ore: foodStrawberryMush
Ore: foodFlour
Ore: foodPeanutButter
Ore: foodCookingOil
Ore: foodSalt
Ore: foodCinnamon
Ore: cropCinnamon
Ore: foodGroundCinnamon
Ore: foodPeanuts
Ore: foodAppleCinnamonCookieDough
Ore: foodBowlofRawPasta
Ore: foodButterCookieDough
Ore: foodCheesyBaconPotatoes
Ore: foodCheesyPotatoes
Ore: foodChocolateChipCookieDough
Ore: foodChocolateIceCreamChocolateSauce
Ore: foodChocolateIceCreamMix
Ore: foodDicedPotatoes
Ore: foodDoubleBaconCheeseburger
Ore: foodIceCreamMix
Ore: foodPBSandwich
Ore: foodPeanutButterCookeDough
Ore: foodPumpkinCookieDough
Ore: foodSnickerdoodleDough
Ore: foodStrawberryIceCreamChocolateSauce
Ore: foodStrawberryIceCreamMix
Ore: foodStrawberryJellyCookieDough
Ore: foodSugarCookieDough
Ore: foodVanillaIceCreamChocolateSauce
Ore: foodVanillaIceCreamMix
Ore: foodChocolateIceCream
Ore: foodStrawberryIceCream
Ore: foodVanillaIceCream
Ore: foodAppleCinnamonCookie
Ore: foodButterCookie
Ore: foodChocolateChipCookie
Ore: foodChocolateSauce
Ore: foodPeanutButterCookie
Ore: foodPumpkinCookie
Ore: foodRoastedMarshmellows
Ore: foodSnickerdoodle
Ore: foodStrawberryJellyCookie
Ore: foodSugarCookie
Ore: foodToastedPBSandwich
Ore: foodVanilla
Ore: foodAppleCinnamonCookeBurned
Ore: foodApplePieBurned
Ore: foodBaconBurned
Ore: foodBeefJerkeyBurned
Ore: foodButterCookieBurned
Ore: foodCaramelBurned
Ore: foodCarrotCakeBurned
Ore: foodChocolateChipCookieBurned
Ore: foodChocolateSauceBurned
Ore: foodFrenchToastBurned
Ore: foodGrilledCheeseBurned
Ore: foodHambuergerPattyBurned
Ore: foodLoafofBreadBurned
Ore: foodPastaBurned
Ore: foodPeanutButterCookieBurned
Ore: foodPumpkinCookieBurned
Ore: foodRoastedMarshmellowsBurned
Ore: foodShortcakeBurned
Ore: foodSnickerdoodleBurned
Ore: foodStrawberryJellyCookieBurned
Ore: foodRoastedPeanutsBurned
Ore: foodStrawberryPieBurned
Ore: foodSugarCookieBurned
Ore: foodToastBurned
Ore: foodToastedPBSandwichBurned
Ore: foodToastedPB&JSandwichAppleBurned
Ore: foodToastedPB&JSabdwichStrawberryBurned
Fluid: beer
Fluid: hotcocoa
Fluid: vinegar
Fluid: cookingoil
Fluid: vodka
Fluid: cider
Ore: oven
Ore: counter
Ore: processor
Ore: brewer
Ore: cropCinnamon
Ore: cropVanilla
Ore: oreSalt
Ore: icebox
Ore: frier
Ore: cropStrawberry
Ore: cropPeanut
Ore: oreBlueTopaz
Ore: oreVinteum
Ore: oreChimerite
Ore: oreMoonstone
Ore: oreSunstone
Ore: blockBlueTopaz
Ore: blockVinteum
Ore: blockChimerite
Ore: blockMoonstone
Ore: blockSunstone
Ore: logWood
Ore: stairWood
Ore: plankWood
Ore: slabWood
Ore: oreCertusQuartz
Ore: crystalCertusQuartz
Ore: dustCertusQuartz
Ore: dustNetherQuartz
Ore: dustEnderPearl
Ore: dustGold
Ore: dustIron
Ore: dustWheat
Ore: circuitBasic
Ore: circuitAdvanced
Ore: circuitElite
Ore: motor
Ore: wrench
Ore: dyeRed
Ore: dyeYellow
Ore: dyeBlue
Ore: dyeGreen
Ore: dyeBlack
Ore: dyeWhite
Ore: dyeBrown
Fluid: liquiddna
Fluid: life essence
Ore: oreCoal
Ore: projredWire
Ore: projredWire
Ore: projredWire
Ore: projredWire
Ore: projredWire
Ore: projredWire
Ore: projredWire
Ore: projredWire
Ore: projredWire
Ore: projredWire
Ore: projredWire
Ore: projredWire
Ore: projredWire
Ore: projredWire
Ore: projredWire
Ore: projredWire
Ore: projredWire
Ore: projredWire
Ore: projredWire
Ore: projredWire
Ore: projredWire
Ore: projredWire
Ore: projredWire
Ore: projredWire
Ore: projredWire
Ore: projredWire
Ore: projredWire
Ore: projredWire
Ore: projredWire
Ore: projredWire
Ore: projredWire
Ore: projredWire
Ore: projredWire
Ore: projredWire
Ore: projredInsFramedWire
Ore: projredInsulatedWire
Ore: projredInsFramedWire
Ore: projredInsulatedWire
Ore: projredInsFramedWire
Ore: projredInsulatedWire
Ore: projredInsFramedWire
Ore: projredInsulatedWire
Ore: projredInsFramedWire
Ore: projredInsulatedWire
Ore: projredInsFramedWire
Ore: projredInsulatedWire
Ore: projredInsFramedWire
Ore: projredInsulatedWire
Ore: projredInsFramedWire
Ore: projredInsulatedWire
Ore: projredInsFramedWire
Ore: projredInsulatedWire
Ore: projredInsFramedWire
Ore: projredInsulatedWire
Ore: projredInsFramedWire
Ore: projredInsulatedWire
Ore: projredInsFramedWire
Ore: projredInsulatedWire
Ore: projredInsFramedWire
Ore: projredInsulatedWire
Ore: projredInsFramedWire
Ore: projredInsulatedWire
Ore: projredInsFramedWire
Ore: projredInsulatedWire
Ore: projredInsFramedWire
Ore: projredInsulatedWire
Ore: projredBundledCable
Ore: projredBundledCable
Ore: projredBundledCable
Ore: projredBundledCable
Ore: projredBundledCable
Ore: projredBundledCable
Ore: projredBundledCable
Ore: projredBundledCable
Ore: projredBundledCable
Ore: projredBundledCable
Ore: projredBundledCable
Ore: projredBundledCable
Ore: projredBundledCable
Ore: projredBundledCable
Ore: projredBundledCable
Ore: projredBundledCable
Ore: projredBundledCable
Ore: blockMarble
Ore: blockLimestone
Ore: blockConcrete
Ore: blockHolystone
Ore: blockLavastone
Ore: blockFft
Ore: blockCarpet
Ore: blockTyrian
Ore: blockDirt
Ore: blockCloud
Ore: oreCopper
Ore: oreOilsands
Ore: orePetroleum
Ore: ingotCopper
Ore: ingotSteel
Ore: dustPlastic
Ore: dustCoal
Fluid: diesel
Fluid: refinedfuel
Ore: logWood
Ore: logWood
Ore: treeSapling
Ore: treeLeaves
Ore: treeLeaves
Ore: plankWood
Fluid: liquidforce
Ore: gemForce
Ore: ingotForce
Ore: nuggetForce
Ore: logWood
Ore: plankWood
Ore: slabWood
Ore: stairWood
Ore: treeSapling
Ore: treeLeaves
Ore: stickWood
Ore: itemTear
Ore: itemTear
Ore: itemClaw
Ore: itemBacon
Ore: transmutationStone
Ore: transmutationStone
Ore: bricksGravel
Ore: enderobsidian
Ore: burntquartz
Ore: icestone
Ore: blockUnstable
Ore: glass
Ore: glass
Ore: glass
Ore: glass
Ore: glass
Ore: glass
Ore: bricksStone
Ore: bricksStone
Ore: bricksStone
Ore: bricksStone
Ore: bricksStone
Ore: bricksStone
Ore: bricksStone
Ore: bricksStone
Ore: bricksStone
Ore: bricksStone
Ore: bricksStone
Ore: bricksStone
Ore: bricksStone
Ore: bricksStone
Ore: bricksStone
Ore: bricksStone
Ore: plankWood
Ore: plankWood
Ore: plankWood
Ore: plankWood
Ore: plankWood
Ore: plankWood
Ore: plankWood
Ore: plankWood
Ore: plankWood
Ore: plankWood
Ore: plankWood
Ore: plankWood
Ore: plankWood
Ore: plankWood
Ore: plankWood
Ore: plankWood
Ore: compressedCobblestone1x
Ore: compressedCobblestone2x
Ore: compressedCobblestone3x
Ore: compressedCobblestone4x
Ore: compressedCobblestone5x
Ore: compressedCobblestone6x
Ore: compressedCobblestone7x
Ore: compressedCobblestone8x
Ore: compressedDirt1x
Ore: compressedDirt2x
Ore: compressedDirt3x
Ore: compressedDirt4x
Ore: compressedGravel1x
Ore: compressedGravel2x
Ore: compressedSand1x
Ore: compressedSand2x
Ore: ingotUnstable
Ore: nuggetUnstable
Setting up meta item with texture: 4100:0 Gate Copier gatecopy:clipboard_empty
Setting up meta item with texture: 4100:1 Gate Copier gatecopy:clipboard_copy
Setting up meta item with texture: 4100:2 Gate Copier gatecopy:clipboard_empty_diamond
Setting up meta item with texture: 4100:3 Gate Copier gatecopy:clipboard_copy_diamond
Ore: plantKelp
Ore: coralPink
Ore: coralOrange
Ore: coralLightBlue
Ore: coralPurple
Fluid: gas.natural
Fluid: quicklime
Fluid: salt.molten
Fluid: magnesium.molten
Fluid: titanium.molten
Fluid: rutile.molten
Fluid: molten.dirt
Fluid: minechem chemical: cellulose
Fluid: minechem chemical: water
Fluid: minechem chemical: carbon dioxide
Fluid: minechem chemical: nitrogen dioxide
Fluid: minechem chemical: toluene
Fluid: minechem chemical: potassium nitrate
Fluid: minechem chemical: trinitrotoluene
Fluid: minechem chemical: silicon dioxide
Fluid: minechem chemical: calcite
Fluid: minechem chemical: pyrite
Fluid: minechem chemical: nepheline
Fluid: minechem chemical: sulfate (ion)
Fluid: minechem chemical: noselite
Fluid: minechem chemical: sodalite
Fluid: minechem chemical: nitrate (ion)
Fluid: minechem chemical: carbonate (ion)
Fluid: minechem chemical: potassium cyanide
Fluid: minechem chemical: phosphate (ion)
Fluid: minechem chemical: acetate (ion)
Fluid: minechem chemical: chromate (ion)
Fluid: minechem chemical: hydroxide (ion)
Fluid: minechem chemical: ammonium (ion)
Fluid: minechem chemical: hydronium (ion)
Fluid: minechem chemical: peroxide (ion)
Fluid: minechem chemical: calcium oxide
Fluid: minechem chemical: calcium carbonate
Fluid: minechem chemical: magnesium carbonate
Fluid: minechem chemical: lazurite
Fluid: minechem chemical: isoprene
Fluid: minechem chemical: butene
Fluid: minechem chemical: polyisobutylene rubber
Fluid: minechem chemical: malic acid
Fluid: minechem chemical: vinyl chloride monomer
Fluid: minechem chemical: polyvinyl chloride
Fluid: minechem chemical: methamphetamine
Fluid: minechem chemical: psilocybin
Fluid: minechem chemical: iron (iii) oxide
Fluid: minechem chemical: strontium nitrate
Fluid: minechem chemical: magnetite
Fluid: minechem chemical: magnesium oxide
Fluid: minechem chemical: cucurbitacin
Fluid: minechem chemical: aspartic acid
Fluid: minechem chemical: hydroxylapatite
Fluid: minechem chemical: alanine (amino acid)
Fluid: minechem chemical: glycine (amino acid)
Fluid: minechem chemical: serine  (amino acid)
Fluid: minechem chemical: mescaline
Fluid: minechem chemical: methyl (ion)
Fluid: minechem chemical: methylene (ion)
Fluid: minechem chemical: cyanoacrylate
Fluid: minechem chemical: poly-cyanoacrylate
Fluid: minechem chemical: cobalt(ii) nitrate
Fluid: minechem chemical: potassium dichromate
Fluid: minechem chemical: potassium chromate
Fluid: minechem chemical: nickel(ii) chloride
Fluid: minechem chemical: copper(ii) sulfate
Fluid: minechem chemical: potassium permanganate
Fluid: minechem chemical: zinc green
Fluid: minechem chemical: carbon black
Fluid: minechem chemical: titanium dioxide
Fluid: minechem chemical: metasilicate
Fluid: minechem chemical: beryl
Fluid: minechem chemical: ethyl alcohol
Fluid: minechem chemical: amphetamine
Fluid: minechem chemical: theobromine
Fluid: minechem chemical: starch
Fluid: minechem chemical: sucrose
Fluid: minechem chemical: pantherine
Fluid: minechem chemical: aluminium oxide
Fluid: minechem chemical: carbon nanotubes
Fluid: minechem chemical: keratin
Fluid: minechem chemical: penicillin
Fluid: minechem chemical: testosterone
Fluid: minechem chemical: kaolinite
Fluid: minechem chemical: fingolimod
Fluid: minechem chemical: arginine (amino acid)
Fluid: minechem chemical: shikimic acid
Fluid: minechem chemical: sulfuric acid
Fluid: minechem chemical: glyphosate
Fluid: minechem chemical: aspirin
Fluid: minechem chemical: ddt
Fluid: minechem chemical: dota
Fluid: minechem chemical: t-2 mycotoxin
Fluid: minechem chemical: salt
Fluid: minechem chemical: ammonia
Fluid: minechem chemical: nodularin
Fluid: minechem chemical: ttx (tetrodotoxin)
Fluid: minechem chemical: thc
Fluid: minechem chemical: methylcyclopentadienyl manganese tricarbonyl
Fluid: minechem chemical: tert-butyllithium
Fluid: minechem chemical: chloroplatinic acid
Fluid: minechem chemical: phosgene
Fluid: minechem chemical: allyl alcohol
Fluid: minechem chemical: diphenhydramine
Fluid: minechem chemical: batrachotoxin
Fluid: minechem chemical: retinol
Fluid: minechem chemical: xylitol
Fluid: minechem chemical: aminocyclopyrachlor
Fluid: minechem chemical: alprazolam
Fluid: minechem chemical: hydrogen chloride
Fluid: minechem chemical: cocaine
Fluid: minechem chemical: cocaine hydrochloride
Fluid: minechem chemical: 1,4-dimethyl-7-isopropylazulene (guaiazulene)
Fluid: minechem chemical: pelargonidin
Fluid: minechem chemical: delphinidin
Fluid: minechem chemical: olivine
Fluid: minechem chemical: methylene blue
Fluid: minechem chemical: methyl alcohol
Fluid: minechem chemical: cholesteryl benzoate
Fluid: minechem chemical: radium chloride
Fluid: minechem chemical: caulerpenyne
Fluid: minechem chemical: l-hyoscyamine
Fluid: minechem chemical: gallic acid
Fluid: minechem chemical: glucose
Fluid: minechem chemical: tannic acid
Fluid: minechem chemical: hydrogen peroxide
Fluid: minechem chemical: gallium arsenide
Fluid: minechem chemical: fibroin
Fluid: minechem chemical: aluminium phosphate
Fluid: minechem chemical: potassium oxide
Fluid: minechem chemical: sodium oxide
Fluid: minechem chemical: anorthite
Fluid: minechem chemical: albite
Fluid: minechem chemical: orthoclase
Fluid: minechem chemical: biotite
Fluid: minechem chemical: augite
Fluid: minechem chemical: talc
Fluid: minechem chemical: minechem.molecule.propane
Fluid: minechem chemical: minechem.molecule.peridot
Fluid: minechem chemical: minechem.molecule.fluorinehydroxide
Fluid: minechem chemical: minechem.molecule.topaz
Fluid: minechem chemical: minechem.molecule.zoisite
Fluid: hydrogen
Fluid: helium
Fluid: lithium
Fluid: beryllium
Fluid: boron
Fluid: carbon
Fluid: nitrogen
Fluid: oxygen
Fluid: flourine
Fluid: neon
Fluid: sodium
Fluid: magnesium
Fluid: aluminium
Fluid: silicon
Fluid: phosphorus
Fluid: sulfur
Fluid: chlorine
Fluid: argon
Fluid: potassium
Fluid: calcium
Fluid: scandium
Fluid: titanium
Fluid: vanadium
Fluid: chromium
Fluid: manganese
Fluid: iron
Fluid: cobalt
Fluid: nickel
Fluid: copper
Fluid: zinc
Fluid: gallium
Fluid: germanium
Fluid: arsenic
Fluid: selenium
Fluid: bromine
Fluid: krypton
Fluid: rubidium
Fluid: strontium
Fluid: yttrium
Fluid: zirconium
Fluid: niobium
Fluid: molybdenum
Fluid: technetium
Fluid: ruthenium
Fluid: rhodium
Fluid: palladium
Fluid: silver
Fluid: cadmium
Fluid: indium
Fluid: tin
Fluid: antimony
Fluid: tellurium
Fluid: iodine
Fluid: xenon
Fluid: caesium
Fluid: barium
Fluid: lanthanum
Fluid: cerium
Fluid: praseodymium
Fluid: neodymium
Fluid: promethium
Fluid: samarium
Fluid: europium
Fluid: gadolinium
Fluid: terbium
Fluid: dyprosium
Fluid: holmium
Fluid: erbium
Fluid: thulium
Fluid: ytterbium
Fluid: lutetium
Fluid: hafnium
Fluid: tantalum
Fluid: tungsten
Fluid: rhenium
Fluid: osmium
Fluid: iridium
Fluid: platinum
Fluid: gold
Fluid: mercury
Fluid: thallium
Fluid: lead
Fluid: bismuth
Fluid: polonium
Fluid: astantine
Fluid: radon
Fluid: francium
Fluid: radium
Fluid: actinium
Fluid: thorium
Fluid: protactinium
Fluid: uranium
Fluid: neptunium
Fluid: plutonium
Fluid: americium
Fluid: curium
Fluid: berkelium
Fluid: californium
Fluid: einsteinium
Fluid: fermium
Fluid: mendelenium
Fluid: nobelium
Fluid: lawrencium
Fluid: rutherfordium
Fluid: dubnium
Fluid: seaborgium
Fluid: bohrium
Fluid: hassium
Fluid: meitnerium
Fluid: darmstadtium
Fluid: roenthenium
Fluid: copernicium
Fluid: ununtrium
Ore: greggy_greg_do_please_kindly_stuff_a_sock_in_it
Ore: projredPart
Ore: projredPart
Ore: projredPart
Ore: projredPart
Ore: projredPart
Ore: projredPart
Ore: projredPart
Ore: projredPart
Ore: projredPart
Ore: projredPart
Ore: projredPart
Ore: projredPart
Ore: projredPart
Ore: projredPart
Ore: projredPart
Ore: projredPart
Ore: projredPart
Ore: projredPart
Ore: projredPart
Ore: projredPart
Ore: projredPart
Ore: projredPart
Ore: projredPart
Ore: projredPart
Ore: projredPart
Ore: projredPart
Ore: projredPart
Ore: projredPart
Ore: projredPart
Ore: projredPart
Ore: projredPart
Ore: projredPart
Ore: projredPart
Ore: projredPart
Ore: projredPart
Ore: projredPart
Ore: projredPart
Ore: projredPart
Ore: projredPart
Ore: projredPart
Ore: projredPart
Ore: projredPart
Ore: projredPart
Ore: projredPart
Ore: projredPart
Ore: projredPart
Ore: projredPart
Ore: projredPart
Ore: projredPart
Ore: projredPart
Ore: projredPart
Ore: projredPart
Ore: projredIllumar
Ore: projredIllumar
Ore: projredIllumar
Ore: projredIllumar
Ore: projredIllumar
Ore: projredIllumar
Ore: projredIllumar
Ore: projredIllumar
Ore: projredIllumar
Ore: projredIllumar
Ore: projredIllumar
Ore: projredIllumar
Ore: projredIllumar
Ore: projredIllumar
Ore: projredIllumar
Ore: projredIllumar
Ore: dyeWhite
Ore: dyeOrange
Ore: dyeMagenta
Ore: dyeLightBlue
Ore: dyeYellow
Ore: dyeLime
Ore: dyePink
Ore: dyeGray
Ore: dyeLightGray
Ore: dyeCyan
Ore: dyePurple
Ore: dyeBlue
Ore: dyeBrown
Ore: dyeGreen
Ore: dyeRed
Ore: dyeBlack
Ore: ProjRed|Exploration:bag
Ore: ProjRed|Exploration:bag
Ore: ProjRed|Exploration:bag
Ore: ProjRed|Exploration:bag
Ore: ProjRed|Exploration:bag
Ore: ProjRed|Exploration:bag
Ore: ProjRed|Exploration:bag
Ore: ProjRed|Exploration:bag
Ore: ProjRed|Exploration:bag
Ore: ProjRed|Exploration:bag
Ore: ProjRed|Exploration:bag
Ore: ProjRed|Exploration:bag
Ore: ProjRed|Exploration:bag
Ore: ProjRed|Exploration:bag
Ore: ProjRed|Exploration:bag
Ore: ProjRed|Exploration:bag
Ore: gemRuby
Ore: gemSapphire
Ore: gemPeridot
Ore: oreRuby
Ore: oreSapphire
Ore: orePeridot
Ore: ingotCopper
Ore: ingotTin
Ore: ingotAluminium
Ore: componentWiring
Ore: componentSolenoid
Ore: componentServo
Ore: componentGliderWing
Ore: componentIonThruster
Ore: componentLVCapacitor
Ore: componentMVCapacitor
Ore: componentHVCapacitor
Ore: componentParachute
Ore: componentPlatingBasic
Ore: componentPlatingAdvanced
Ore: componentFieldEmitter
Ore: componentLaserEmitter
Ore: componentCarbonMyofiber
Ore: componentControlCircuit
Ore: componentMyofiberGel
Ore: componentArtificialMuscle
Ore: cropPumpkin
Ore: cropMelon
Ore: cropPotato
Ore: cropCarrot
Fluid: peat
Fluid: vegetable
Setting up meta item: 4602:0 Blacksmithing Hammer
Setting up meta item: 4603:0 Iron Ring
Setting up meta item: 4600:0 Sugar Charcoal
Setting up meta item: 4600:1 Sugar Coke
Setting up meta item: 4600:2 Cactus Charcoal
Setting up meta item: 4600:3 Cactus Coke
Ore: componentSolarPanel
Ore: componentMagnet
Ore: componentComputerChip
Fluid: molten redstone
Fluid: molten conductive redmetal
Ore: rodIron
Ore: CAMO_PASTE
Ore: camoPaste
Ore: diamondNugget
Ore: plankWood
Ore: treeSapling
Ore: logWood
Ore: treeLeaves
Ore: slabWood
Ore: stairWood
Ore: stairWood
Ore: stairWood
Ore: obsidianRod
Ore: stoneBowl
Ore: blockElectrumFlux
Ore: blockCrystalFlux
Ore: dustElectrumFlux
Ore: ingotElectrumFlux
Ore: nuggetElectrumFlux
Ore: gemCrystalFlux
Ore: glassWhite
Ore: glassPaneWhite
Ore: dyeCeramicWhite
Ore: glassOrange
Ore: glassPaneOrange
Ore: dyeCeramicOrange
Ore: glassMagenta
Ore: glassPaneMagenta
Ore: dyeCeramicMagenta
Ore: glassLightBlue
Ore: glassPaneLightBlue
Ore: dyeCeramicLightBlue
Ore: glassYellow
Ore: glassPaneYellow
Ore: dyeCeramicYellow
Ore: glassLime
Ore: glassPaneLime
Ore: dyeCeramicLime
Ore: glassPink
Ore: glassPanePink
Ore: dyeCeramicPink
Ore: glassGray
Ore: glassPaneGray
Ore: dyeCeramicGray
Ore: glassLightGray
Ore: glassPaneLightGray
Ore: dyeCeramicLightGray
Ore: glassCyan
Ore: glassPaneCyan
Ore: dyeCeramicCyan
Ore: glassPurple
Ore: glassPanePurple
Ore: dyeCeramicPurple
Ore: glassBlue
Ore: glassPaneBlue
Ore: dyeCeramicBlue
Ore: glassBrown
Ore: glassPaneBrown
Ore: dyeCeramicBrown
Ore: glassGreen
Ore: glassPaneGreen
Ore: dyeCeramicGreen
Ore: glassRed
Ore: glassPaneRed
Ore: dyeCeramicRed
Ore: glassBlack
Ore: glassPaneBlack
Ore: dyeCeramicBlack
Ore: stone
Ore: stone
Ore: cobblestone
Ore: cobblestone
Ore: cellEmpty
Ore: ingotIron
Ore: ingotGold
Ore: gemDiamond
Ore: gemEmerald
Ore: gemLapis
Ore: beeComb
Ore: oreNaquadah
Ore: naquadah
Ore: ingotNaquadahAlloy
Ore: fz.waterBucketLike
Ore: fz.waterBucketLike
Ore: fz.waterBucketLike
Ore: fz.waterBucketLike
Ore: fz.waterBucketLike
Ore: fz.waterBucketLike
Ore: dirtyGravelIron
Ore: cleanGravelIron
Ore: reducedIron
Ore: crystallineIron
Ore: dirtyGravelGold
Ore: cleanGravelGold
Ore: reducedGold
Ore: crystallineGold
Ore: dirtyGravelLead
Ore: cleanGravelLead
Ore: reducedLead
Ore: crystallineLead
Ore: dirtyGravelTin
Ore: cleanGravelTin
Ore: reducedTin
Ore: crystallineTin
Ore: dirtyGravelCopper
Ore: cleanGravelCopper
Ore: reducedCopper
Ore: crystallineCopper
Ore: dirtyGravelGalena
Ore: cleanGravelGalena
Ore: reducedGalena
Ore: crystallineGalena
Ore: dirtyGravelSilver
Ore: cleanGravelSilver
Ore: reducedSilver
Ore: crystallineSilver
Ore: dirtyGravelCobalt
Ore: cleanGravelCobalt
Ore: reducedCobalt
Ore: crystallineCobalt
Ore: dirtyGravelArdite
Ore: cleanGravelArdite
Ore: reducedArdite
Ore: crystallineArdite
Ore: dirtyGravelDark Iron
Ore: cleanGravelDark Iron
Ore: reducedDark Iron
Ore: crystallineDark Iron
Ore: ingotLead
Ore: itemCharcoalSugar
Ore: itemCokeSugar
Ore: itemCharcoalCactus
Ore: itemCokeCactus
